{
  "RSpec": {
    "coverage": {
      "/home/thinkbiz/Baseball1/spec/controllers/roosters_controller_spec.rb": {
        "lines": [
          null,
          1,
          null,
          1,
          13,
          13,
          13,
          13,
          1,
          12,
          null,
          null,
          null,
          1,
          1,
          1,
          1,
          1,
          null,
          null,
          null,
          null,
          1,
          1,
          1,
          null,
          1,
          null,
          null,
          null,
          1,
          1,
          1,
          1,
          null,
          null,
          null,
          1,
          1,
          1,
          null,
          1,
          1,
          null,
          1,
          1,
          null,
          null,
          1,
          null,
          null,
          1,
          1,
          1,
          null,
          1,
          null,
          null,
          null,
          1,
          1,
          1,
          1,
          null,
          null,
          null,
          1,
          1,
          1,
          null,
          1,
          1,
          null,
          null,
          null,
          null,
          1,
          1,
          1,
          null,
          1,
          null,
          null,
          null,
          1,
          1,
          1,
          1,
          null,
          null,
          null,
          1,
          1,
          1,
          null,
          1,
          1,
          null,
          null,
          null,
          null,
          1,
          1,
          1,
          1,
          1,
          1,
          null,
          null,
          null,
          null,
          1,
          1,
          1,
          1,
          1,
          null,
          null,
          null,
          null
        ]
      },
      "/home/thinkbiz/Baseball1/spec/rails_helper.rb": {
        "lines": [
          null,
          null,
          null,
          null,
          null,
          null,
          null,
          null,
          null,
          null,
          null,
          null,
          null,
          null,
          null,
          null,
          null,
          null,
          null,
          null,
          null,
          null,
          null,
          null,
          null,
          null,
          1,
          1,
          1,
          null,
          1,
          1,
          1,
          2,
          null,
          null,
          1,
          null,
          0,
          0,
          null,
          null,
          1,
          1,
          1,
          1,
          1,
          1,
          1,
          1,
          1,
          null
        ]
      },
      "/home/thinkbiz/Baseball1/config/environment.rb": {
        "lines": [
          null,
          1,
          null,
          null,
          1
        ]
      },
      "/home/thinkbiz/Baseball1/config/application.rb": {
        "lines": [
          1,
          null,
          1,
          null,
          null,
          null,
          1,
          null,
          1,
          1,
          null,
          1,
          null,
          null,
          null,
          null,
          1,
          null,
          null,
          null,
          null,
          null,
          null,
          null,
          null,
          null,
          null
        ]
      },
      "/home/thinkbiz/Baseball1/config/boot.rb": {
        "lines": [
          1,
          null,
          1,
          1
        ]
      },
      "/home/thinkbiz/Baseball1/config/environments/test.rb": {
        "lines": [
          1,
          null,
          null,
          null,
          null,
          null,
          null,
          1,
          null,
          null,
          null,
          1,
          null,
          null,
          null,
          null,
          null,
          1,
          null,
          null,
          1,
          1,
          null,
          null,
          null,
          null,
          1,
          1,
          1,
          null,
          null,
          1,
          null,
          null,
          1,
          null,
          null,
          1,
          null,
          1,
          null,
          null,
          null,
          null,
          1,
          null,
          null,
          1,
          null,
          null,
          1,
          null,
          null,
          1,
          null,
          null,
          null,
          null,
          null,
          null,
          null,
          null,
          1,
          null
        ]
      },
      "/home/thinkbiz/Baseball1/config/initializers/assets.rb": {
        "lines": [
          null,
          null,
          null,
          1,
          null,
          null,
          null,
          null,
          null,
          null,
          null,
          null,
          null,
          null,
          1
        ]
      },
      "/home/thinkbiz/Baseball1/config/initializers/content_security_policy.rb": {
        "lines": [
          null,
          null,
          null,
          null,
          null,
          null,
          null,
          null,
          null,
          null,
          null,
          null,
          null,
          null,
          null,
          null,
          null,
          null,
          null,
          null,
          null,
          null,
          null,
          null,
          null
        ]
      },
      "/home/thinkbiz/Baseball1/config/initializers/devise.rb": {
        "lines": [
          null,
          null,
          null,
          null,
          null,
          null,
          null,
          null,
          null,
          null,
          1,
          null,
          null,
          null,
          null,
          null,
          null,
          null,
          null,
          null,
          null,
          null,
          null,
          null,
          null,
          null,
          1,
          1,
          null,
          null,
          null,
          null,
          null,
          null,
          null,
          null,
          null,
          null,
          null,
          null,
          null,
          1,
          null,
          null,
          null,
          null,
          null,
          null,
          null,
          null,
          null,
          null,
          1,
          null,
          null,
          null,
          null,
          null,
          null,
          null,
          null,
          null,
          null,
          1,
          null,
          null,
          null,
          null,
          1,
          null,
          null,
          null,
          null,
          null,
          null,
          null,
          null,
          null,
          null,
          null,
          null,
          null,
          null,
          null,
          null,
          null,
          null,
          null,
          null,
          null,
          null,
          null,
          null,
          null,
          null,
          null,
          null,
          null,
          null,
          null,
          null,
          null,
          1,
          null,
          null,
          null,
          null,
          null,
          null,
          null,
          null,
          null,
          null,
          null,
          null,
          null,
          null,
          null,
          null,
          null,
          null,
          null,
          null,
          null,
          null,
          null,
          null,
          null,
          1,
          null,
          null,
          null,
          null,
          null,
          null,
          null,
          null,
          null,
          null,
          null,
          null,
          null,
          null,
          null,
          null,
          null,
          null,
          null,
          null,
          null,
          null,
          null,
          null,
          null,
          null,
          null,
          null,
          null,
          null,
          null,
          null,
          null,
          null,
          1,
          null,
          null,
          null,
          null,
          null,
          null,
          null,
          null,
          null,
          1,
          null,
          null,
          null,
          null,
          null,
          null,
          null,
          null,
          null,
          null,
          1,
          null,
          null,
          null,
          null,
          1,
          null,
          null,
          null,
          null,
          null,
          null,
          null,
          null,
          null,
          null,
          null,
          null,
          null,
          null,
          null,
          null,
          null,
          null,
          null,
          null,
          null,
          null,
          null,
          null,
          null,
          null,
          null,
          null,
          null,
          null,
          null,
          null,
          null,
          null,
          null,
          null,
          null,
          null,
          null,
          null,
          1,
          null,
          null,
          null,
          null,
          null,
          null,
          null,
          null,
          null,
          null,
          null,
          null,
          null,
          null,
          null,
          null,
          null,
          null,
          null,
          null,
          null,
          null,
          null,
          null,
          null,
          null,
          null,
          null,
          null,
          null,
          null,
          null,
          null,
          null,
          null,
          null,
          null,
          null,
          null,
          null,
          null,
          1,
          null,
          null,
          null,
          null,
          null,
          null,
          null,
          null,
          null,
          null,
          null,
          null,
          null,
          null,
          null,
          null,
          null,
          null,
          null,
          null,
          null,
          null,
          null,
          null,
          null,
          null,
          null,
          null,
          null,
          null,
          null,
          null,
          null,
          null,
          null,
          1,
          1,
          null,
          null,
          null,
          null,
          null,
          null,
          null
        ]
      },
      "/home/thinkbiz/Baseball1/config/initializers/filter_parameter_logging.rb": {
        "lines": [
          null,
          null,
          null,
          null,
          null,
          1,
          null,
          null
        ]
      },
      "/home/thinkbiz/Baseball1/config/initializers/inflections.rb": {
        "lines": [
          null,
          null,
          null,
          null,
          null,
          null,
          null,
          null,
          null,
          null,
          null,
          null,
          null,
          null,
          null,
          null
        ]
      },
      "/home/thinkbiz/Baseball1/config/initializers/permissions_policy.rb": {
        "lines": [
          null,
          null,
          null,
          null,
          null,
          null,
          null,
          null,
          null,
          null,
          null,
          null,
          null
        ]
      },
      "/home/thinkbiz/Baseball1/spec/factories/roosters.rb": {
        "lines": [
          null,
          1,
          1,
          16,
          17,
          null,
          1,
          1,
          17,
          null,
          null,
          null
        ]
      },
      "/home/thinkbiz/Baseball1/spec/factories/teams.rb": {
        "lines": [
          1,
          1,
          13,
          13,
          1,
          1,
          null,
          null
        ]
      },
      "/home/thinkbiz/Baseball1/spec/factories/tournaments.rb": {
        "lines": [
          1,
          1,
          29,
          29,
          29,
          29,
          null,
          null
        ]
      },
      "/home/thinkbiz/Baseball1/spec/factories/users.rb": {
        "lines": [
          null,
          1,
          1,
          26,
          26,
          26,
          null,
          null,
          null,
          null
        ]
      },
      "/home/thinkbiz/Baseball1/config/routes.rb": {
        "lines": [
          1,
          null,
          1,
          1,
          1,
          1,
          1,
          null,
          null,
          null,
          1,
          1,
          null,
          null,
          1,
          1,
          1,
          null,
          null,
          null,
          1,
          1,
          1,
          null,
          null,
          null,
          1,
          1,
          1,
          1,
          null,
          null,
          null,
          1,
          1,
          1,
          1,
          1,
          1,
          null,
          null,
          null,
          null,
          1,
          1,
          null,
          null,
          1,
          1,
          1,
          null,
          null,
          null,
          null,
          1,
          1,
          1,
          null,
          null,
          1,
          1,
          null,
          1,
          1,
          1,
          1,
          1,
          null,
          null,
          null
        ]
      },
      "/home/thinkbiz/Baseball1/app/models/user.rb": {
        "lines": [
          1,
          1,
          1,
          1,
          1,
          1,
          1,
          1,
          1,
          1,
          1,
          1,
          1,
          1,
          null,
          1,
          null,
          null,
          1,
          1,
          null,
          1,
          1,
          null,
          null,
          1,
          null,
          null,
          1,
          50,
          0,
          null,
          null,
          null,
          1,
          null,
          0,
          0,
          0,
          null,
          null,
          1,
          0,
          0,
          null,
          null,
          1,
          1,
          null,
          1,
          0,
          null,
          null,
          1,
          50,
          0,
          null,
          null,
          null,
          1,
          0,
          0,
          0,
          0,
          0,
          null,
          null,
          null,
          1,
          25,
          null,
          null,
          1,
          50,
          null,
          null,
          1,
          25,
          null,
          null,
          1,
          25,
          25,
          25,
          null,
          null,
          null,
          null,
          null,
          null
        ]
      },
      "/home/thinkbiz/Baseball1/app/models/application_record.rb": {
        "lines": [
          1,
          1,
          null
        ]
      },
      "/home/thinkbiz/Baseball1/app/helpers/api/v1/events_helper.rb": {
        "lines": [
          1,
          null
        ]
      },
      "/home/thinkbiz/Baseball1/app/helpers/api/v1/tournaments_helper.rb": {
        "lines": [
          1,
          null
        ]
      },
      "/home/thinkbiz/Baseball1/app/helpers/application_helper.rb": {
        "lines": [
          1,
          null
        ]
      },
      "/home/thinkbiz/Baseball1/app/helpers/batting_stats_helper.rb": {
        "lines": [
          1,
          null
        ]
      },
      "/home/thinkbiz/Baseball1/app/helpers/event_setup_helper.rb": {
        "lines": [
          1,
          null
        ]
      },
      "/home/thinkbiz/Baseball1/app/helpers/events_helper.rb": {
        "lines": [
          1,
          null
        ]
      },
      "/home/thinkbiz/Baseball1/app/helpers/invitation_helper.rb": {
        "lines": [
          1,
          null
        ]
      },
      "/home/thinkbiz/Baseball1/app/helpers/opponent_rooster_helper.rb": {
        "lines": [
          1,
          null
        ]
      },
      "/home/thinkbiz/Baseball1/app/helpers/opponent_team_helper.rb": {
        "lines": [
          1,
          null
        ]
      },
      "/home/thinkbiz/Baseball1/app/helpers/opponent_team_lineups_helper.rb": {
        "lines": [
          1,
          null
        ]
      },
      "/home/thinkbiz/Baseball1/app/helpers/pages_helper.rb": {
        "lines": [
          1,
          null
        ]
      },
      "/home/thinkbiz/Baseball1/app/helpers/pitching_stats_helper.rb": {
        "lines": [
          1,
          null
        ]
      },
      "/home/thinkbiz/Baseball1/app/helpers/roosters_helper.rb": {
        "lines": [
          1,
          null
        ]
      },
      "/home/thinkbiz/Baseball1/app/helpers/team_lineups_helper.rb": {
        "lines": [
          1,
          null
        ]
      },
      "/home/thinkbiz/Baseball1/app/helpers/teams_helper.rb": {
        "lines": [
          1,
          null
        ]
      },
      "/home/thinkbiz/Baseball1/app/helpers/tournaments_helper.rb": {
        "lines": [
          1,
          null
        ]
      },
      "/home/thinkbiz/Baseball1/app/helpers/users_helper.rb": {
        "lines": [
          1,
          null
        ]
      },
      "/home/thinkbiz/Baseball1/spec/support/factory_bot.rb": {
        "lines": [
          null,
          null,
          null,
          null,
          null,
          null,
          null,
          null,
          null,
          null,
          1,
          1,
          null
        ]
      },
      "/home/thinkbiz/Baseball1/app/controllers/roosters_controller.rb": {
        "lines": [
          1,
          null,
          null,
          null,
          1,
          1,
          1,
          null,
          1,
          1,
          0,
          null,
          1,
          null,
          null,
          null,
          1,
          null,
          3,
          3,
          3,
          3,
          null,
          null,
          null,
          null,
          1,
          3,
          3,
          3,
          null,
          null,
          1,
          1,
          1,
          1,
          1,
          null,
          0,
          null,
          null,
          null,
          1,
          1,
          1,
          1,
          null,
          0,
          null,
          null,
          null,
          null,
          1,
          1,
          1,
          1,
          null,
          null,
          null,
          1,
          null,
          1,
          5,
          null,
          null,
          1,
          10,
          null,
          null,
          1,
          10,
          null,
          null,
          1,
          2,
          null,
          null,
          null
        ]
      },
      "/home/thinkbiz/Baseball1/app/controllers/application_controller.rb": {
        "lines": [
          1,
          1,
          1,
          1,
          1,
          null,
          null,
          1,
          0,
          null,
          0,
          0,
          null,
          null,
          1,
          0,
          0,
          0,
          null,
          null,
          null,
          null,
          1,
          null,
          1,
          0,
          null,
          0,
          0,
          0,
          null,
          null,
          null
        ]
      },
      "/home/thinkbiz/Baseball1/app/jobs/update_user_job.rb": {
        "lines": [
          1,
          1,
          25,
          null,
          0,
          null,
          null
        ]
      },
      "/home/thinkbiz/Baseball1/app/jobs/send_pin_job.rb": {
        "lines": [
          1,
          1,
          null,
          1,
          25,
          25,
          25,
          null,
          null
        ]
      },
      "/home/thinkbiz/Baseball1/app/jobs/application_job.rb": {
        "lines": [
          1,
          null,
          null,
          null,
          null,
          null,
          null
        ]
      },
      "/home/thinkbiz/Baseball1/app/mailers/user_mailer.rb": {
        "lines": [
          1,
          1,
          25,
          25,
          null,
          null,
          1,
          0,
          0,
          null,
          null,
          1,
          null,
          0,
          0,
          0,
          null,
          null,
          null
        ]
      },
      "/home/thinkbiz/Baseball1/app/mailers/application_mailer.rb": {
        "lines": [
          1,
          1,
          1,
          null
        ]
      },
      "/home/thinkbiz/Baseball1/app/models/tournament.rb": {
        "lines": [
          1,
          1,
          null,
          1,
          1,
          1,
          1,
          1,
          1,
          1,
          1,
          1,
          1,
          null,
          1,
          1,
          1,
          null,
          1,
          28,
          0,
          null,
          null,
          null,
          1,
          null,
          1,
          28,
          null,
          28,
          0,
          null,
          null,
          null,
          1,
          28,
          null,
          0,
          null,
          null,
          28,
          0,
          null,
          null,
          null,
          1,
          0,
          null,
          null,
          null,
          null
        ]
      },
      "/home/thinkbiz/Baseball1/app/models/team.rb": {
        "lines": [
          null,
          1,
          1,
          1,
          1,
          1,
          1,
          1,
          1,
          1,
          1,
          1,
          null,
          null,
          1,
          0,
          null,
          1,
          0,
          null,
          null,
          null
        ]
      },
      "/home/thinkbiz/Baseball1/app/models/rooster.rb": {
        "lines": [
          1,
          1,
          1,
          1,
          1,
          1,
          1,
          1,
          null
        ]
      },
      "/home/thinkbiz/Baseball1/app/models/assignment.rb": {
        "lines": [
          1,
          1,
          1,
          null
        ]
      },
      "/home/thinkbiz/Baseball1/app/models/role.rb": {
        "lines": [
          1,
          1,
          1,
          null,
          null,
          null
        ]
      },
      "/home/thinkbiz/Baseball1/app/models/ability.rb": {
        "lines": [
          1,
          1,
          null,
          1,
          null,
          3,
          null,
          3,
          0,
          3,
          null,
          0,
          0,
          0,
          0,
          0,
          0,
          0,
          0,
          null,
          3,
          3,
          3,
          3,
          3,
          3,
          null,
          null,
          null,
          3,
          0,
          0,
          0,
          0,
          0,
          null,
          null,
          null,
          null,
          null,
          null,
          null,
          null,
          null,
          null,
          null,
          null,
          null,
          null,
          null,
          null,
          null,
          null,
          null,
          null,
          null,
          null,
          null,
          null,
          null,
          null,
          null,
          null,
          null,
          null,
          null,
          null,
          null,
          null,
          null,
          null,
          null,
          null,
          null,
          null,
          null,
          null,
          null,
          null,
          null,
          null,
          null,
          null,
          null,
          null,
          null,
          null,
          null,
          null,
          null,
          null,
          null,
          null,
          null,
          null,
          null,
          null,
          null,
          null,
          null,
          null,
          null,
          null,
          null,
          null,
          null,
          null,
          null,
          null,
          null,
          null,
          null,
          null,
          null,
          null,
          null,
          null,
          null,
          null,
          null,
          null,
          null,
          null,
          null,
          null,
          null,
          null,
          null,
          null,
          null,
          null,
          null,
          null,
          null,
          null,
          null,
          null,
          null,
          null,
          null,
          null,
          null,
          null
        ]
      },
      "/home/thinkbiz/Baseball1/app/models/event.rb": {
        "lines": [
          1,
          1,
          1,
          1,
          1,
          1,
          1,
          1,
          1,
          1,
          1,
          1,
          1,
          1,
          1,
          null,
          1,
          1,
          1,
          null,
          1,
          0,
          0,
          null,
          null,
          null,
          1,
          0,
          0,
          null,
          null,
          null,
          1,
          0,
          null,
          null,
          1,
          0,
          null,
          null,
          null,
          null
        ]
      },
      "/home/thinkbiz/Baseball1/app/models/opponent_team.rb": {
        "lines": [
          1,
          1,
          1,
          1,
          1,
          1,
          1,
          1,
          1,
          1,
          null,
          null,
          1,
          1,
          null,
          1,
          0,
          null,
          null
        ]
      },
      "/home/thinkbiz/Baseball1/app/models/team_line_up.rb": {
        "lines": [
          1,
          1,
          1,
          1,
          1,
          1,
          1,
          null,
          1,
          null,
          null,
          1,
          1,
          null,
          null,
          null,
          1,
          0,
          0,
          0,
          null,
          null,
          null,
          null,
          null,
          null
        ]
      },
      "/home/thinkbiz/Baseball1/app/models/opponent_team_line_up.rb": {
        "lines": [
          1,
          1,
          1,
          1,
          1,
          1,
          1,
          1,
          1,
          1,
          null,
          null,
          1,
          0,
          0,
          0,
          null,
          null,
          null,
          null
        ]
      },
      "/home/thinkbiz/Baseball1/app/models/batting_stat.rb": {
        "lines": [
          null,
          1,
          1,
          1,
          1,
          1,
          1,
          1,
          null
        ]
      },
      "/home/thinkbiz/Baseball1/app/models/pitching_stat.rb": {
        "lines": [
          1,
          1,
          1,
          1,
          1,
          1,
          1,
          null,
          null,
          null
        ]
      }
    },
    "timestamp": 1710237956
  }
}
